current directory: /home/tringuyen/my-document/blog/gems/date-3.4.1/ext/date
/usr/bin/ruby extconf.rb
checking for rb_category_warn()... yes
checking for timezone in time.h with  -Werror... yes
checking for altzone in time.h with  -Werror... no
creating Makefile

current directory: /home/tringuyen/my-document/blog/gems/date-3.4.1/ext/date
make DESTDIR\= sitearchdir\=./.gem.20250327-1634012-jcjrcq sitelibdir\=./.gem.20250327-1634012-jcjrcq clean

current directory: /home/tringuyen/my-document/blog/gems/date-3.4.1/ext/date
make DESTDIR\= sitearchdir\=./.gem.20250327-1634012-jcjrcq sitelibdir\=./.gem.20250327-1634012-jcjrcq
compiling date_core.c
compiling date_parse.c
compiling date_strftime.c
compiling date_strptime.c
linking shared-object date_core.so

current directory: /home/tringuyen/my-document/blog/gems/date-3.4.1/ext/date
make DESTDIR\= sitearchdir\=./.gem.20250327-1634012-jcjrcq sitelibdir\=./.gem.20250327-1634012-jcjrcq install
/usr/bin/install -c -m 0755 date_core.so ./.gem.20250327-1634012-jcjrcq

current directory: /home/tringuyen/my-document/blog/gems/date-3.4.1/ext/date
make DESTDIR\= sitearchdir\=./.gem.20250327-1634012-jcjrcq sitelibdir\=./.gem.20250327-1634012-jcjrcq clean
