latexml (LaTeXML version 0.8.6) processing main
(Digesting TeX main...
(Loading /snap/latexml/18/usr/local/share/perl/5.22.1/LaTeXML/Package/TeX.pool.ltxml...
(Loading /snap/latexml/18/usr/local/share/perl/5.22.1/LaTeXML/Package/eTeX.pool.ltxml... 0.00 sec)
(Loading /snap/latexml/18/usr/local/share/perl/5.22.1/LaTeXML/Package/pdfTeX.pool.ltxml... 0.01 sec) 0.13 sec)
(Processing content /home/tringuyen/my-document/blog/assets/latex/TD-lambda/main.tex...
(Loading /snap/latexml/18/usr/local/share/perl/5.22.1/LaTeXML/Package/LaTeX.pool.ltxml...
(Loading /snap/latexml/18/usr/local/share/perl/5.22.1/LaTeXML/Package/textcomp.sty.ltxml... 0.01 sec) 0.25 sec)
(Loading /snap/latexml/18/usr/local/share/perl/5.22.1/LaTeXML/Package/article.cls.ltxml... 0.01 sec)
(Loading /snap/latexml/18/usr/local/share/perl/5.22.1/LaTeXML/Package/xcolor.sty.ltxml...
(Loading /snap/latexml/18/usr/local/share/perl/5.22.1/LaTeXML/Package/color.sty.ltxml... 0.01 sec)
Warning:missing_file:dvipsnam Can't find definitions dvipsnam
	at xcolor.sty.ltxml; line 52
	Anticipate undefined macros or environments
	search paths are /home/tringuyen/my-document/blog/assets/latex/TD-lambda
	In Core::Definition::Primitive[\ds@dvips... /snap/latexml/18/usr/local/share/perl/5.22.1/LaTeXML/Package/xcolor.sty.ltxml; line 52
 0.05 sec)
(Loading /snap/latexml/18/usr/local/share/perl/5.22.1/LaTeXML/Package/float.sty.ltxml... 0.00 sec)
(Loading /snap/latexml/18/usr/local/share/perl/5.22.1/LaTeXML/Package/caption.sty.ltxml... 0.01 sec)
(Loading /snap/latexml/18/usr/local/share/perl/5.22.1/LaTeXML/Package/subcaption.sty.ltxml... 0.01 sec)
(Loading /snap/latexml/18/usr/local/share/perl/5.22.1/LaTeXML/Package/algorithm2e.sty.ltxml...
Warning:missing_file:algorithm2e Can't find package algorithm2e
	at algorithm2e.sty.ltxml; line 48
	Anticipate undefined macros or environments
	In Core::Gullet[@0x48c5f80] /snap/latexml/18/usr/local/share/perl/5.22.1/LaTeXML/Package/algorithm2e.sty.ltxml; line 48
 0.01 sec)
(Loading /snap/latexml/18/usr/local/share/perl/5.22.1/LaTeXML/Package/enumitem.sty.ltxml... 0.01 sec)
(Loading /snap/latexml/18/usr/local/share/perl/5.22.1/LaTeXML/Package/amssymb.sty.ltxml...
(Loading /snap/latexml/18/usr/local/share/perl/5.22.1/LaTeXML/Package/amsfonts.sty.ltxml... 0.00 sec) 0.02 sec)
(Loading /snap/latexml/18/usr/local/share/perl/5.22.1/LaTeXML/Package/amsmath.sty.ltxml...
(Loading /snap/latexml/18/usr/local/share/perl/5.22.1/LaTeXML/Package/amsbsy.sty.ltxml...
(Loading /snap/latexml/18/usr/local/share/perl/5.22.1/LaTeXML/Package/amsgen.sty.ltxml... 0.00 sec) 0.01 sec)
(Loading /snap/latexml/18/usr/local/share/perl/5.22.1/LaTeXML/Package/amstext.sty.ltxml... 0.00 sec)
(Loading /snap/latexml/18/usr/local/share/perl/5.22.1/LaTeXML/Package/amsopn.sty.ltxml... 0.01 sec) 0.04 sec)
(Loading /snap/latexml/18/usr/local/share/perl/5.22.1/LaTeXML/Package/amsthm.sty.ltxml... 0.00 sec)
(Loading /snap/latexml/18/usr/local/share/perl/5.22.1/LaTeXML/Package/graphicx.sty.ltxml...
(Loading /snap/latexml/18/usr/local/share/perl/5.22.1/LaTeXML/Package/graphics.sty.ltxml... 0.01 sec) 0.03 sec)
(Loading /snap/latexml/18/usr/local/share/perl/5.22.1/LaTeXML/Package/hyperref.sty.ltxml...
(Loading /snap/latexml/18/usr/local/share/perl/5.22.1/LaTeXML/Package/keyval.sty.ltxml...
Warning:missing_file:keyval Can't find package keyval
	at keyval.sty.ltxml; line 19
	Anticipate undefined macros or environments
	In Core::Gullet[@0x48c5f80] /snap/latexml/18/usr/local/share/perl/5.22.1/LaTeXML/Package/keyval.sty.ltxml; line 19
 0.00 sec)
(Loading /snap/latexml/18/usr/local/share/perl/5.22.1/LaTeXML/Package/nameref.sty.ltxml... 0.00 sec)
(Loading /snap/latexml/18/usr/local/share/perl/5.22.1/LaTeXML/Package/url.sty.ltxml... 0.00 sec) 0.05 sec)
Warning:missing_file:perpage Can't find binding for package perpage
	at main.tex; line 21 col 12 - line 21 col 12
	Anticipate undefined macros or environments
	In Core::Definition::Constructor[\usepac... /snap/latexml/18/usr/local/share/perl/5.22.1/LaTeXML/Package/LaTeX.pool.ltxml; line 806
Error:undefined:\MakePerPage The token T_CS[\MakePerPage] is not defined.
	at main.tex; line 21 col 12 - line 21 col 12
	Defining it now as <ltx:ERROR/>
	Next token is T_BEGIN[{] ( == T_BEGIN[{])
	In Core::Gullet[@0x48c5f80] /home/tringuyen/my-document/blog/assets/latex/TD-lambda/main.tex; from line 21 col 13 to line 21 col 13
	 <= Core::Stomach[@0x48c5ce0] <= ...
(Loading /snap/latexml/18/usr/local/share/perl/5.22.1/LaTeXML/Package/geometry.sty.ltxml...
(Loading /snap/latexml/18/usr/local/share/perl/5.22.1/LaTeXML/Package/ifpdf.sty.ltxml... 0.00 sec)
(Loading /snap/latexml/18/usr/local/share/perl/5.22.1/LaTeXML/Package/ifvtex.sty.ltxml... 0.00 sec)
(Loading /snap/latexml/18/usr/local/share/perl/5.22.1/LaTeXML/Package/ifxetex.sty.ltxml... 0.00 sec) 0.03 sec)
(Loading /snap/latexml/18/usr/local/share/perl/5.22.1/LaTeXML/Package/t1.fontmap.ltxml... 0.00 sec)
(Loading /snap/latexml/18/usr/local/share/perl/5.22.1/LaTeXML/Package/chngcntr.sty.ltxml... 0.00 sec)
(Loading /snap/latexml/18/usr/local/share/perl/5.22.1/LaTeXML/Package/import.sty.ltxml... 0.00 sec)
(Loading /snap/latexml/18/usr/local/share/perl/5.22.1/LaTeXML/Package/pdfpages.sty.ltxml... 0.01 sec)
(Loading /snap/latexml/18/usr/local/share/perl/5.22.1/LaTeXML/Package/transparent.sty.ltxml... 0.00 sec)
(Loading /snap/latexml/18/usr/local/share/perl/5.22.1/LaTeXML/Package/listings.sty.ltxml...
Warning:missing_file:listings Can't find configuration listings
	at listings.sty.ltxml; line 1542
	Anticipate undefined macros or environments
	In Core::Gullet[@0x48c5f80] /snap/latexml/18/usr/local/share/perl/5.22.1/LaTeXML/Package/listings.sty.ltxml; line 1542
Error:undefined:\lstlanguagefiles The token T_CS[\lstlanguagefiles] is not defined.
	at listings.sty.ltxml; line 1543
	Defining it now as <ltx:ERROR/>
	Input is empty
	In Core::Gullet[@0x48c5f80] /snap/latexml/18/usr/local/share/perl/5.22.1/LaTeXML/Package/listings.sty.ltxml; line 1543
	 <= Core::Stomach[@0x48c5ce0] <= Core::Gullet[@0x48c5f80] <= Core::Definition::Constructor[\usepac... <= ...
 0.07 sec)
Warning:unexpected:LST@LANGUAGE@PYTHON No listings language 'PYTHON' found
	at main.tex; line 33 col 0 - line 33 col 24
	In Core::Definition::Expandable[\lst@@la... /snap/latexml/18/usr/local/share/perl/5.22.1/LaTeXML/Package/listings.sty.ltxml; line 722
Warning:missing_file:biblatex Can't find binding for package biblatex
	at main.tex; line 63 col 15 - line 63 col 15
	Anticipate undefined macros or environments
	In Core::Definition::Constructor[\usepac... /snap/latexml/18/usr/local/share/perl/5.22.1/LaTeXML/Package/LaTeX.pool.ltxml; line 806
Error:undefined:\addbibresource The token T_CS[\addbibresource] is not defined.
	at main.tex; line 63 col 15 - line 63 col 15
	Defining it now as <ltx:ERROR/>
	Next token is T_BEGIN[{] ( == T_BEGIN[{])
	In Core::Gullet[@0x48c5f80] /home/tringuyen/my-document/blog/assets/latex/TD-lambda/main.tex; from line 63 col 16 to line 63 col 16
	 <= Core::Stomach[@0x48c5ce0] <= ...
(Loading /snap/latexml/18/usr/local/share/perl/5.22.1/LaTeXML/Package/afterpage.sty.ltxml... 0.00 sec)
(Loading /snap/latexml/18/usr/local/share/perl/5.22.1/LaTeXML/Package/multirow.sty.ltxml... 0.00 sec)
(Loading /snap/latexml/18/usr/local/share/perl/5.22.1/LaTeXML/Package/bm.sty.ltxml... 0.00 sec)
(Loading /snap/latexml/18/usr/local/share/perl/5.22.1/LaTeXML/Package/framed.sty.ltxml... 0.00 sec)
Error:undefined:\SetCommentSty The token T_CS[\SetCommentSty] is not defined.
	at main.tex; line 76 col 14 - line 76 col 14
	Defining it now as <ltx:ERROR/>
	Next token is T_BEGIN[{] ( == T_BEGIN[{])
	In Core::Gullet[@0x48c5f80] /home/tringuyen/my-document/blog/assets/latex/TD-lambda/main.tex; from line 76 col 15 to line 76 col 15
	 <= Core::Stomach[@0x48c5ce0] <= ...
Error:undefined:\parencite The token T_CS[\parencite] is not defined.
	at main.tex; line 155 col 24 - line 155 col 24
	Defining it now as <ltx:ERROR/>
	Next token is T_BEGIN[{] ( == T_BEGIN[{])
	In Core::Gullet[@0x48c5f80] /home/tringuyen/my-document/blog/assets/latex/TD-lambda/main.tex; from line 155 col 25 to line 155 col 25
	 <= Core::Stomach[@0x48c5ce0] <= ...
Error:unexpected:_ Script _ can only appear in math mode
	at main.tex; line 167 col 1 - line 167 col 1
	In Core::Definition::Primitive[Subscript] /snap/latexml/18/usr/local/share/perl/5.22.1/LaTeXML/Package/TeX.pool.ltxml; line 4061
	 <= Core::Stomach[@0x48c5ce0] <= Core::Gullet[@0x48c5f80] <= Core::Stomach[@0x48c5ce0] <= ...
Error:undefined:SkyBlue color 'SkyBlue' is undefined...
	at main.tex; line 182 col 18 - line 182 col 18
	In Core::Definition::Primitive[\XC@defin... /snap/latexml/18/usr/local/share/perl/5.22.1/LaTeXML/Package/xcolor.sty.ltxml; line 422
	 <= Core::Stomach[@0x48c5ce0] <= ...
Error:unexpected:_ Script _ can only appear in math mode
	at main.tex; line 182 col 0 - line 182 col 34
	In Core::Definition::Primitive[Subscript] /snap/latexml/18/usr/local/share/perl/5.22.1/LaTeXML/Package/TeX.pool.ltxml; line 4061
	 <= Core::Stomach[@0x48c5ce0] <= Core::Gullet[@0x48c5f80] <= Core::Stomach[@0x48c5ce0] <= ...
Error:unexpected:_ Script _ can only appear in math mode
	at main.tex; line 197 col 5 - line 197 col 5
	In Core::Definition::Primitive[Subscript] /snap/latexml/18/usr/local/share/perl/5.22.1/LaTeXML/Package/TeX.pool.ltxml; line 4061
	 <= Core::Stomach[@0x48c5ce0] <= Core::Gullet[@0x48c5f80] <= Core::Stomach[@0x48c5ce0] <= ...
Error:unexpected:_ Script _ can only appear in math mode
	at main.tex; line 200 col 2 - line 200 col 2
	In Core::Definition::Primitive[Subscript] /snap/latexml/18/usr/local/share/perl/5.22.1/LaTeXML/Package/TeX.pool.ltxml; line 4061
	 <= Core::Stomach[@0x48c5ce0] <= Core::Gullet[@0x48c5f80] <= Core::Stomach[@0x48c5ce0] <= ...
Error:unexpected:_ Script _ can only appear in math mode
	at main.tex; line 204 col 1 - line 204 col 1
	In Core::Definition::Primitive[Subscript] /snap/latexml/18/usr/local/share/perl/5.22.1/LaTeXML/Package/TeX.pool.ltxml; line 4061
	 <= Core::Stomach[@0x48c5ce0] <= Core::Gullet[@0x48c5f80] <= Core::Stomach[@0x48c5ce0] <= ...
Error:unexpected:_ Script _ can only appear in math mode
	at main.tex; line 228 col 10 - line 228 col 10
	In Core::Definition::Primitive[Subscript] /snap/latexml/18/usr/local/share/perl/5.22.1/LaTeXML/Package/TeX.pool.ltxml; line 4061
	 <= Core::Stomach[@0x48c5ce0] <= Core::Gullet[@0x48c5f80] <= Core::Stomach[@0x48c5ce0] <= ...
Error:undefined:SkyBlue color 'SkyBlue' is undefined...
	at main.tex; line 250 col 0 - line 250 col 18
	In Core::Definition::Primitive[\XC@defin... /snap/latexml/18/usr/local/share/perl/5.22.1/LaTeXML/Package/xcolor.sty.ltxml; line 422
	 <= Core::Stomach[@0x48c5ce0] <= ...
Error:unexpected:_ Script _ can only appear in math mode
	at main.tex; line 251 col 5 - line 251 col 5
	In Core::Definition::Primitive[Subscript] /snap/latexml/18/usr/local/share/perl/5.22.1/LaTeXML/Package/TeX.pool.ltxml; line 4061
	 <= Core::Stomach[@0x48c5ce0] <= Core::Gullet[@0x48c5f80] <= Core::Stomach[@0x48c5ce0] <= ...
Error:undefined:\printbibliography The token T_CS[\printbibliography] is not defined.
	at main.tex; line 287 col 0 - line 287 col 18
	Defining it now as <ltx:ERROR/>
	Next token is T_CS[\end] ( == Core::Definition::Expandable[\end {}])
	In Core::Gullet[@0x48c5f80] /home/tringuyen/my-document/blog/assets/latex/TD-lambda/main.tex; from line 288 col 4 to line 288 col 4
	 <= Core::Stomach[@0x48c5ce0] <= ...
 1.41 sec) 1.55 sec)
(Building...
(Loading compiled schema /snap/latexml/18/usr/local/share/perl/5.22.1/LaTeXML/resources/RelaxNG/LaTeXML.model... 0.01 sec) 1.26 sec)
(Rewriting... 0.06 sec)
(Math Parsing 103 formulae ......
Warning:not_parsed:SUMOP.POSTSUBSCRIPT.ATOM>OPEN MathParser failed to match rule 'Anything'
	at main.tex; line 215 col 2 - line 215 col 2
	In "$\displaystyle=\sum_{j=1}\text{Pr}(S_{2}=s_{j}|S_{1}=s,A_{1}=a_{i})\mathbb{E}%
	\left[r(s_{j},A_{2})+\gamma r(S_{3},A_{3})+\ldots|S_{1}=s,A_{1}=a_{i},S_{2}=s_%
	{j}\right]\@@ENDINLINEMATH"
	=[[RELOP]] ∑[[SUMOP]] _{j=1}[[POSTSUBSCRIPT]] \text{Pr}[[UNKNOWN]]
	        > ([[OPEN]] S[[UNKNOWN]] _{2}[[POSTSUBSCRIPT]] =[[RELOP]] s[[UNKNOWN]] _{j}[[POSTSUBSCRIPT]] |[[VERTBAR]] S[[UNKNOWN]] _{1}[[POSTSUBSCRIPT]] =[[RELOP]] s[[UNKNOWN]] ,[[PUNCT]] A[[UNKNOWN]] _{1}[[POSTSUBSCRIPT]] =[[RELOP]] a[[UNKNOWN]] _{i}[[POSTSUBSCRIPT]] )[[CLOSE]] E[[UNKNOWN]] \left[[[OPEN]] r[[UNKNOWN]] ([[OPEN]] s[[UNKNOWN]] _{j}[[POSTSUBSCRIPT]] ,[[PUNCT]] A[[UNKNOWN]] _{2}[[POSTSUBSCRIPT]] )[[CLOSE]] +[[ADDOP]] γ[[UNKNOWN]] r[[UNKNOWN]] ([[OPEN]] S[[UNKNOWN]] _{3}[[POSTSUBSCRIPT]] ,[[PUNCT]] A[[UNKNOWN]] _{3}[[POSTSUBSCRIPT]] )[[CLOSE]] +[[ADDOP]] \ldots[[ID]] |[[VERTBAR]] S[[UNKNOWN]] _{1}[[POSTSUBSCRIPT]] =[[RELOP]] s[[UNKNOWN]] ,[[PUNCT]] A[[UNKNOWN]] _{1}[[POSTSUBSCRIPT]] =[[RELOP]] a[[UNKNOWN]] _{i}[[POSTSUBSCRIPT]] ...
Warning:not_parsed:SUMOP.POSTSUBSCRIPT.ATOM>OPEN MathParser failed to match rule 'Anything'
	at main.tex; line 215 col 2 - line 215 col 144
	In "$\displaystyle=\sum_{j=1}\text{Pr}(S_{2}=s_{j}|S_{1}=s,A_{1}=a_{i})\mathbb{E}%
	\left[r(s_{j},A_{2})+\gamma r(S_{3},A_{3})+\ldots|S_{1}=s,A_{1}=a_{i},S_{2}=s_%
	{j}\right]$"
	=[[RELOP]] ∑[[SUMOP]] _{j=1}[[POSTSUBSCRIPT]] \text{Pr}[[UNKNOWN]]
	        > ([[OPEN]] S[[UNKNOWN]] _{2}[[POSTSUBSCRIPT]] =[[RELOP]] s[[UNKNOWN]] _{j}[[POSTSUBSCRIPT]] |[[VERTBAR]] S[[UNKNOWN]] _{1}[[POSTSUBSCRIPT]] =[[RELOP]] s[[UNKNOWN]] ,[[PUNCT]] A[[UNKNOWN]] _{1}[[POSTSUBSCRIPT]] =[[RELOP]] a[[UNKNOWN]] _{i}[[POSTSUBSCRIPT]] )[[CLOSE]] E[[UNKNOWN]] \left[[[OPEN]] r[[UNKNOWN]] ([[OPEN]] s[[UNKNOWN]] _{j}[[POSTSUBSCRIPT]] ,[[PUNCT]] A[[UNKNOWN]] _{2}[[POSTSUBSCRIPT]] )[[CLOSE]] +[[ADDOP]] γ[[UNKNOWN]] r[[UNKNOWN]] ([[OPEN]] S[[UNKNOWN]] _{3}[[POSTSUBSCRIPT]] ,[[PUNCT]] A[[UNKNOWN]] _{3}[[POSTSUBSCRIPT]] )[[CLOSE]] +[[ADDOP]] \ldots[[ID]] |[[VERTBAR]] S[[UNKNOWN]] _{1}[[POSTSUBSCRIPT]] =[[RELOP]] s[[UNKNOWN]] ,[[PUNCT]] A[[UNKNOWN]] _{1}[[POSTSUBSCRIPT]] =[[RELOP]] a[[UNKNOWN]] _{i}[[POSTSUBSCRIPT]] ...
Warning:not_parsed:SUMOP.POSTSUBSCRIPT.ATOM>OPEN MathParser failed to match rule 'Anything'
	at main.tex; line 216 col 2 - line 216 col 2
	In "$\displaystyle=\sum_{j=1}\text{Pr}(S_{2}=s_{j}|S_{1}=s,A_{1}=a_{i})\mathbb{E}%
	\left[r(s_{j},A_{2})+\gamma r(S_{3},A_{3})+\ldots|S_{2}=s_{j}\right]\quad\text%
	{(Markov property)}\@@ENDINLINEMATH"
	=[[RELOP]] ∑[[SUMOP]] _{j=1}[[POSTSUBSCRIPT]] \text{Pr}[[UNKNOWN]]
	        > ([[OPEN]] S[[UNKNOWN]] _{2}[[POSTSUBSCRIPT]] =[[RELOP]] s[[UNKNOWN]] _{j}[[POSTSUBSCRIPT]] |[[VERTBAR]] S[[UNKNOWN]] _{1}[[POSTSUBSCRIPT]] =[[RELOP]] s[[UNKNOWN]] ,[[PUNCT]] A[[UNKNOWN]] _{1}[[POSTSUBSCRIPT]] =[[RELOP]] a[[UNKNOWN]] _{i}[[POSTSUBSCRIPT]] )[[CLOSE]] E[[UNKNOWN]] \left[[[OPEN]] r[[UNKNOWN]] ([[OPEN]] s[[UNKNOWN]] _{j}[[POSTSUBSCRIPT]] ,[[PUNCT]] A[[UNKNOWN]] _{2}[[POSTSUBSCRIPT]] )[[CLOSE]] +[[ADDOP]] γ[[UNKNOWN]] r[[UNKNOWN]] ([[OPEN]] S[[UNKNOWN]] _{3}[[POSTSUBSCRIPT]] ,[[PUNCT]] A[[UNKNOWN]] _{3}[[POSTSUBSCRIPT]] )[[CLOSE]] +[[ADDOP]] \ldots[[ID]] |[[VERTBAR]] S[[UNKNOWN]] _{2}[[POSTSUBSCRIPT]] =[[RELOP]] s[[UNKNOWN]] _{j}[[POSTSUBSCRIPT]] \right][[CLOSE]] $\displaystyle=\sum_{j=1}\text{Pr}(S_{2}=s_{j}|S_{1}=s,A_{1}=a_{i})\mathbb{E}\left[r(s_{j},A_{2})+\gammar(S_{3},A_{3})+\ldots|S_{2}=s_{j}\right]\quad\text{(Markov property)}\@@ENDINLINEMATH[[PUNCT]] \text{(Markov property)}[[UNKNOWN]]
Warning:not_parsed:SUMOP.POSTSUBSCRIPT.ATOM>OPEN MathParser failed to match rule 'Anything'
	at main.tex; line 216 col 2 - line 216 col 159
	In "$\displaystyle=\sum_{j=1}\text{Pr}(S_{2}=s_{j}|S_{1}=s,A_{1}=a_{i})\mathbb{E}%
	\left[r(s_{j},A_{2})+\gamma r(S_{3},A_{3})+\ldots|S_{2}=s_{j}\right]\quad\text%
	{(Markov property)}$"
	=[[RELOP]] ∑[[SUMOP]] _{j=1}[[POSTSUBSCRIPT]] \text{Pr}[[UNKNOWN]]
	        > ([[OPEN]] S[[UNKNOWN]] _{2}[[POSTSUBSCRIPT]] =[[RELOP]] s[[UNKNOWN]] _{j}[[POSTSUBSCRIPT]] |[[VERTBAR]] S[[UNKNOWN]] _{1}[[POSTSUBSCRIPT]] =[[RELOP]] s[[UNKNOWN]] ,[[PUNCT]] A[[UNKNOWN]] _{1}[[POSTSUBSCRIPT]] =[[RELOP]] a[[UNKNOWN]] _{i}[[POSTSUBSCRIPT]] )[[CLOSE]] E[[UNKNOWN]] \left[[[OPEN]] r[[UNKNOWN]] ([[OPEN]] s[[UNKNOWN]] _{j}[[POSTSUBSCRIPT]] ,[[PUNCT]] A[[UNKNOWN]] _{2}[[POSTSUBSCRIPT]] )[[CLOSE]] +[[ADDOP]] γ[[UNKNOWN]] r[[UNKNOWN]] ([[OPEN]] S[[UNKNOWN]] _{3}[[POSTSUBSCRIPT]] ,[[PUNCT]] A[[UNKNOWN]] _{3}[[POSTSUBSCRIPT]] )[[CLOSE]] +[[ADDOP]] \ldots[[ID]] |[[VERTBAR]] S[[UNKNOWN]] _{2}[[POSTSUBSCRIPT]] =[[RELOP]] s[[UNKNOWN]] _{j}[[POSTSUBSCRIPT]] \right][[CLOSE]] $\displaystyle=\sum_{j=1}\text{Pr}(S_{2}=s_{j}|S_{1}=s,A_{1}=a_{i})\mathbb{E}\left[r(s_{j},A_{2})+\gammar(S_{3},A_{3})+\ldots|S_{2}=s_{j}\right]\quad\text{(Markov property)}$[[PUNCT]] \text{(Markov property)}[[UNKNOWN]]
Warning:not_parsed:SUMOP.POSTSUBSCRIPT.ATOM>OPEN MathParser failed to match rule 'Anything'
	at main.tex; line 217 col 2 - line 217 col 2
	In "$\displaystyle=\sum_{j=1}\text{Pr}(S_{2}=s_{j}|S_{1}=s,A_{1}=a_{i})V_{\pi}(S_{%
	2}=s_{j})\@@ENDINLINEMATH"
	=[[RELOP]] ∑[[SUMOP]] _{j=1}[[POSTSUBSCRIPT]] \text{Pr}[[UNKNOWN]]
	        > ([[OPEN]] S[[UNKNOWN]] _{2}[[POSTSUBSCRIPT]] =[[RELOP]] s[[UNKNOWN]] _{j}[[POSTSUBSCRIPT]] |[[VERTBAR]] S[[UNKNOWN]] _{1}[[POSTSUBSCRIPT]] =[[RELOP]] s[[UNKNOWN]] ,[[PUNCT]] A[[UNKNOWN]] _{1}[[POSTSUBSCRIPT]] =[[RELOP]] a[[UNKNOWN]] _{i}[[POSTSUBSCRIPT]] )[[CLOSE]] V[[UNKNOWN]] _{\pi}[[POSTSUBSCRIPT]] ([[OPEN]] S[[UNKNOWN]] _{2}[[POSTSUBSCRIPT]] =[[RELOP]] s[[UNKNOWN]] _{j}[[POSTSUBSCRIPT]] )[[CLOSE]]
Warning:not_parsed:SUMOP.POSTSUBSCRIPT.ATOM>OPEN MathParser failed to match rule 'Anything'
	at main.tex; line 217 col 2 - line 218 col 12
	In "$\displaystyle=\sum_{j=1}\text{Pr}(S_{2}=s_{j}|S_{1}=s,A_{1}=a_{i})V_{\pi}(S_{%
	2}=s_{j})$"
	=[[RELOP]] ∑[[SUMOP]] _{j=1}[[POSTSUBSCRIPT]] \text{Pr}[[UNKNOWN]]
	        > ([[OPEN]] S[[UNKNOWN]] _{2}[[POSTSUBSCRIPT]] =[[RELOP]] s[[UNKNOWN]] _{j}[[POSTSUBSCRIPT]] |[[VERTBAR]] S[[UNKNOWN]] _{1}[[POSTSUBSCRIPT]] =[[RELOP]] s[[UNKNOWN]] ,[[PUNCT]] A[[UNKNOWN]] _{1}[[POSTSUBSCRIPT]] =[[RELOP]] a[[UNKNOWN]] _{i}[[POSTSUBSCRIPT]] )[[CLOSE]] V[[UNKNOWN]] _{\pi}[[POSTSUBSCRIPT]] ([[OPEN]] S[[UNKNOWN]] _{2}[[POSTSUBSCRIPT]] =[[RELOP]] s[[UNKNOWN]] _{j}[[POSTSUBSCRIPT]] )[[CLOSE]]
Warning:not_parsed:RELOP.UNKNOWN.CLOSE>OPEN MathParser failed to match rule 'Anything'
	at main.tex; line 220 col 0 - line 222 col 2
	In "$$V_{\pi}(S_{1}=s)=\sum_{i=1}\text{Pr}(A_{1}=a_{i}|S_{1}=s)\left(r(s,a_{i})+%
	\gamma\sum_{j=1}\text{Pr}(S_{2}=s_{j}\mid S_{1}=s,A_{1}=a_{i})V_{\pi}(S_{2}=s_%
	{j})\right)$$"
	V[[UNKNOWN]] _{\pi}[[POSTSUBSCRIPT]] ([[OPEN]] S[[UNKNOWN]] _{1}[[POSTSUBSCRIPT]] =[[RELOP]] s[[UNKNOWN]] )[[CLOSE]] =[[RELOP]] ∑[[SUMOP]] _{i=1}[[POSTSUBSCRIPT]] \text{Pr}[[UNKNOWN]] ([[OPEN]] A[[UNKNOWN]] _{1}[[POSTSUBSCRIPT]] =[[RELOP]] a[[UNKNOWN]] _{i}[[POSTSUBSCRIPT]] |[[VERTBAR]] S[[UNKNOWN]] _{1}[[POSTSUBSCRIPT]] =[[RELOP]] s[[UNKNOWN]] )[[CLOSE]]
	        > \left([[OPEN]] r[[UNKNOWN]] ([[OPEN]] s[[UNKNOWN]] ,[[PUNCT]] a[[UNKNOWN]] _{i}[[POSTSUBSCRIPT]] )[[CLOSE]] +[[ADDOP]] γ[[UNKNOWN]] ∑[[SUMOP]] _{j=1}[[POSTSUBSCRIPT]] \text{Pr}[[UNKNOWN]] ([[OPEN]] S[[UNKNOWN]] _{2}[[POSTSUBSCRIPT]] =[[RELOP]] s[[UNKNOWN]] _{j}[[POSTSUBSCRIPT]] ∣[[VERTBAR]] S[[UNKNOWN]] _{1}[[POSTSUBSCRIPT]] =[[RELOP]] s[[UNKNOWN]] ,[[PUNCT]] A[[UNKNOWN]] _{1}[[POSTSUBSCRIPT]] =[[RELOP]] a[[UNKNOWN]] _{i}[[POSTSUBSCRIPT]] )[[CLOSE]] V[[UNKNOWN]] _{\pi}[[POSTSUBSCRIPT]] ([[OPEN]] S[[UNKNOWN]] _{2}[[POSTSUBSCRIPT]] =[[RELOP]] s[[UNKNOWN]] _{j}[[POSTSUBSCRIPT]] )[[CLOSE]] \right)[[CLOSE]]
Warning:not_parsed:SUMOP.POSTSUBSCRIPT.ATOM>OPEN MathParser failed to match rule 'Anything'
	at main.tex; line 224 col 0 - line 226 col 2
	In "$$V_{\pi}(S_{1}=s)=r(s,\pi(s))+\gamma\sum_{j=1}\text{Pr}(S_{2}=s_{j}\mid S_{1}%
	=s,A_{1}=\pi(s))V_{\pi}(S_{2}=s_{j})$$"
	V[[UNKNOWN]] _{\pi}[[POSTSUBSCRIPT]] ([[OPEN]] S[[UNKNOWN]] _{1}[[POSTSUBSCRIPT]] =[[RELOP]] s[[UNKNOWN]] )[[CLOSE]] =[[RELOP]] r[[UNKNOWN]] ([[OPEN]] s[[UNKNOWN]] ,[[PUNCT]] π[[UNKNOWN]] ([[OPEN]] s[[UNKNOWN]] )[[CLOSE]] )[[CLOSE]] +[[ADDOP]] γ[[UNKNOWN]] ∑[[SUMOP]] _{j=1}[[POSTSUBSCRIPT]] \text{Pr}[[UNKNOWN]]
	        > ([[OPEN]] S[[UNKNOWN]] _{2}[[POSTSUBSCRIPT]] =[[RELOP]] s[[UNKNOWN]] _{j}[[POSTSUBSCRIPT]] ∣[[VERTBAR]] S[[UNKNOWN]] _{1}[[POSTSUBSCRIPT]] =[[RELOP]] s[[UNKNOWN]] ,[[PUNCT]] A[[UNKNOWN]] _{1}[[POSTSUBSCRIPT]] =[[RELOP]] π[[UNKNOWN]] ([[OPEN]] s[[UNKNOWN]] )[[CLOSE]] )[[CLOSE]] V[[UNKNOWN]] _{\pi}[[POSTSUBSCRIPT]] ([[OPEN]] S[[UNKNOWN]] _{2}[[POSTSUBSCRIPT]] =[[RELOP]] s[[UNKNOWN]] _{j}[[POSTSUBSCRIPT]] )[[CLOSE]]
Warning:not_parsed:SUMOP.POSTSUBSCRIPT.ATOM>OPEN MathParser failed to match rule 'Anything'
	at main.tex; line 230 col 0 - line 232 col 2
	In "$$V_{\pi}(S_{1}=s)=r(s,\pi(s))+\gamma\sum_{j=1}\text{Pr}(S_{2}=s_{j}\mid S_{1}%
	=s,A_{1}=\pi(s))V_{\pi}(S_{2}=s_{j})$$"
	V[[UNKNOWN]] _{\pi}[[POSTSUBSCRIPT]] ([[OPEN]] S[[UNKNOWN]] _{1}[[POSTSUBSCRIPT]] =[[RELOP]] s[[UNKNOWN]] )[[CLOSE]] =[[RELOP]] r[[UNKNOWN]] ([[OPEN]] s[[UNKNOWN]] ,[[PUNCT]] π[[UNKNOWN]] ([[OPEN]] s[[UNKNOWN]] )[[CLOSE]] )[[CLOSE]] +[[ADDOP]] γ[[UNKNOWN]] ∑[[SUMOP]] _{j=1}[[POSTSUBSCRIPT]] \text{Pr}[[UNKNOWN]]
	        > ([[OPEN]] S[[UNKNOWN]] _{2}[[POSTSUBSCRIPT]] =[[RELOP]] s[[UNKNOWN]] _{j}[[POSTSUBSCRIPT]] ∣[[VERTBAR]] S[[UNKNOWN]] _{1}[[POSTSUBSCRIPT]] =[[RELOP]] s[[UNKNOWN]] ,[[PUNCT]] A[[UNKNOWN]] _{1}[[POSTSUBSCRIPT]] =[[RELOP]] π[[UNKNOWN]] ([[OPEN]] s[[UNKNOWN]] )[[CLOSE]] )[[CLOSE]] V[[UNKNOWN]] _{\pi}[[POSTSUBSCRIPT]] ([[OPEN]] S[[UNKNOWN]] _{2}[[POSTSUBSCRIPT]] =[[RELOP]] s[[UNKNOWN]] _{j}[[POSTSUBSCRIPT]] )[[CLOSE]]
 6.80 sec)
Math parsing succeeded:
   ltx:XMWrap: 2/2
   ltx:XMArg: 444/452
   ltx:XMath: 94/103
Symbols assumed as simple identifiers (with # of occurences):
   'A{caligraphic}' (5), 'A{italic}' (109), 'E{blackboard}' (35), 'G{italic}' (4), 'M{italic}' (3), 'N{italic}' (5), 'P{bold italic}' (4), 'P{italic}' (4), 'Q{italic}' (2), 'R{blackboard}' (10), 'R{bold italic}' (3), 'R{italic}' (1), 'S{caligraphic}' (10), 'S{italic}' (173), 'V{bold italic}' (8), 'V{italic}' (41), 'a{italic}' (35), 'gamma' (52), 'i{italic}' (5), 'j{italic}' (9), 'k{italic}' (1), 'pi' (14), 'p{italic}' (1), 'r{italic}' (85), 's{italic}' (144), 't{italic}' (15)
Set MATHPARSER_SPECULATE to speculate on possible notations.
(Finalizing... 0.45 sec)
Conversion complete 16 warnings; 15 errors; 6 undefined macros[\lstlanguagefiles, \addbibresource, \MakePerPage, \printbibliography, \parencite, \SetCommentSty]; 6 missing files[dvipsnam.def, keyval.sty, biblatex.sty, listings.cfg, algorithm2e.sty, perpage.sty] (See /home/tringuyen/my-document/blog/assets/latex/TD-lambda/main.latexml.log) (reqd. 10.43s)
